Apr-28 11:51:50.507 [main] DEBUG nextflow.cli.Launcher - $> nextflow run main.nf --help
Apr-28 11:51:50.739 [main] DEBUG nextflow.cli.CmdRun - N E X T F L O W  ~  version 24.10.5
Apr-28 11:51:50.782 [main] DEBUG nextflow.plugin.PluginsFacade - Setting up plugin manager > mode=prod; embedded=false; plugins-dir=/root/.nextflow/plugins; core-plugins: nf-amazon@2.9.2,nf-azure@1.10.2,nf-cloudcache@0.4.2,nf-codecommit@0.2.2,nf-console@1.1.4,nf-google@1.15.4,nf-tower@1.9.3,nf-wave@1.7.4
Apr-28 11:51:50.884 [main] INFO  o.pf4j.DefaultPluginStatusProvider - Enabled plugins: []
Apr-28 11:51:50.890 [main] INFO  o.pf4j.DefaultPluginStatusProvider - Disabled plugins: []
Apr-28 11:51:50.902 [main] INFO  org.pf4j.DefaultPluginManager - PF4J version 3.12.0 in 'deployment' mode
Apr-28 11:51:50.947 [main] INFO  org.pf4j.AbstractPluginManager - No plugins
Apr-28 11:51:51.053 [main] DEBUG nextflow.config.ConfigBuilder - Found config local: /media/sf_SF/00-stage/dRNASeq/nextflow.config
Apr-28 11:51:51.064 [main] DEBUG nextflow.config.ConfigBuilder - Parsing config file: /media/sf_SF/00-stage/dRNASeq/nextflow.config
Apr-28 11:51:51.132 [main] DEBUG n.secret.LocalSecretsProvider - Secrets store: /root/.nextflow/secrets/store.json
Apr-28 11:51:51.140 [main] DEBUG nextflow.secret.SecretsLoader - Discovered secrets providers: [nextflow.secret.LocalSecretsProvider@4303b7f0] - activable => nextflow.secret.LocalSecretsProvider@4303b7f0
Apr-28 11:51:51.173 [main] DEBUG nextflow.config.ConfigBuilder - Applying config profile: `standard`
Apr-28 11:51:52.648 [main] DEBUG nextflow.cli.CmdRun - Applied DSL=2 from script declaration
Apr-28 11:51:52.746 [main] DEBUG nextflow.cli.CmdRun - Launching `main.nf` [cheesy_kay] DSL2 - revision: a7f31acb9a
Apr-28 11:51:52.751 [main] DEBUG nextflow.plugin.PluginsFacade - Plugins default=[]
Apr-28 11:51:52.753 [main] DEBUG nextflow.plugin.PluginsFacade - Plugins resolved requirement=[]
Apr-28 11:51:52.884 [main] DEBUG nextflow.Session - Session UUID: c0ba7a23-7b68-4d2c-a45b-0a7ad2dce4fc
Apr-28 11:51:52.886 [main] DEBUG nextflow.Session - Run name: cheesy_kay
Apr-28 11:51:52.888 [main] DEBUG nextflow.Session - Executor pool size: 4
Apr-28 11:51:52.906 [main] DEBUG nextflow.file.FilePorter - File porter settings maxRetries=3; maxTransfers=50; pollTimeout=null
Apr-28 11:51:52.920 [main] DEBUG nextflow.util.ThreadPoolBuilder - Creating thread pool 'FileTransfer' minSize=10; maxSize=12; workQueue=LinkedBlockingQueue[-1]; allowCoreThreadTimeout=false
Apr-28 11:51:53.013 [main] DEBUG nextflow.cli.CmdRun - 
  Version: 24.10.5 build 5935
  Created: 04-03-2025 17:55 UTC (18:55 CEST)
  System: Linux 6.14.3-100.fc40.x86_64
  Runtime: Groovy 4.0.23 on OpenJDK 64-Bit Server VM 21.0.6+7
  Encoding: UTF-8 (UTF-8)
  Process: 4452@vbox [10.0.2.15]
  CPUs: 4 - Mem: 3.7 GB (101.4 MB) - Swap: 3.7 GB (3.3 GB)
Apr-28 11:51:53.148 [main] DEBUG nextflow.Session - Work-dir: /media/sf_SF/00-stage/dRNASeq/work [vboxsf]
Apr-28 11:51:53.154 [main] DEBUG nextflow.Session - Script base path does not exist or is not a directory: /media/sf_SF/00-stage/dRNASeq/bin
Apr-28 11:51:53.169 [main] DEBUG nextflow.executor.ExecutorFactory - Extension executors providers=[]
Apr-28 11:51:53.187 [main] DEBUG nextflow.Session - Observer factory: DefaultObserverFactory
Apr-28 11:51:53.294 [main] DEBUG nextflow.cache.CacheFactory - Using Nextflow cache factory: nextflow.cache.DefaultCacheFactory
Apr-28 11:51:53.320 [main] DEBUG nextflow.util.CustomThreadPool - Creating default thread pool > poolSize: 5; maxThreads: 1000
Apr-28 11:51:53.802 [main] DEBUG nextflow.Session - Session start
Apr-28 11:51:55.919 [main] DEBUG nextflow.script.ScriptRunner - > Launching execution
Apr-28 11:51:55.961 [main] INFO  nextflow.script.BaseScript -     ====================================================================================================
    Parameters:

    [0;36mGeneral:[0m                         | [0;31mMust supply parameters[0m
    • in_dir:                                           | [0;33mInput directory (directory with fastq folder)[0m
    • out_dir:                                          | [0;33mOutput directory for results[0m
                                                        | [0;31mOptional parameters[0m
    • barcodes:                                         | [0;33mComma separated list of barcode numbers that the user wants to analyse if barcodes are present[0m
                                                        | [0;33mAll barcodes are automatically analysed if barcodes are present and the --barcodes parameter is not provided[0m
                                                        | [0;33mNumbers should include the leading 0s. E.g. 03,08,11[0m
    • ignore_errors                                     | [0;33mOption to continue running the pipeline even if errors occur [0m 
    default: false
    • help                                              | [0;33mShow this[0m
    default: false   
    • monochrome_logs                                   | [0;33mIf set to true, the logs will be printed in monochrome[0m
    default: false

    [0;36mQC:[0m                              | [0;34mQuality Control steps[0m
    • qc:                                               | [0;33mIf provided, will perform QC analysis (NanComp and NanoPlot) [0m
	default: true  
    • t_qc                                              | [0;33mNumber of threads used for QC[0m
	default: 4

    [0;36mtrimming:[0m                        | [0;34mTrimming steps[0m
    • trimming:                                         | [0;33mIf provided, will perform trimming (Porechop) [0m
	default: false
    • t_trimming                                        | [0;33mNumber of threads used for trimming[0m
	default: 4

    [0;36mmapping:[0m                         | [0;34mIf provided, will map, sort and index sequences [0m
	default: true
    • t_mapping                                         | [0;33mNumber of threads used for mapping [0m
    default: 4

    [0;36mreference genomes:[0m               | [0;34mReference genomes[0m
    • human_ref                                         | [0;33mPath to the human reference genome[0m
    • candida_ref                                       | [0;33mPath to the candida reference genome[0m
    • bacteria_index                                    | [0;33mPath to the bacteria index[0m

    [0;36mQuantification:[0m                  | [0;34mIf provided, will perform quantification [0m
    default: true   

    ====================================================================================================                    
    Run using: nextflow run assembly.nf --in_dir {Input directory} --out_dir {Output directory}
    ====================================================================================================
    
